<?xml version="1.0" encoding="UTF-8"?>
<!-- Generated by org.testng.reporters.JUnitXMLReporter -->
<testsuite hostname="DESKTOP-OB90OE0" ignored="0" name="Default test" tests="6" failures="0" timestamp="09 Aug 2020 20:17:29 GMT" time="23.616" errors="0">
  <testcase name="Login_Into_TestEnvironment" time="23.487" classname="com.loekautomation.Login"/>
  <testcase name="error" time="0.012" classname="com.loekautomation.Login"/>
  <testcase name="fail" time="0.004" classname="com.loekautomation.Login"/>
  <testcase name="fatal" time="0.008" classname="com.loekautomation.Login"/>
  <testcase name="skip" time="0.004" classname="com.loekautomation.Login"/>
  <testcase name="warning" time="0.004" classname="com.loekautomation.Login"/>
</testsuite> <!-- Default test -->
