<?xml version="1.0" encoding="UTF-8"?>
<!-- Generated by org.testng.reporters.JUnitXMLReporter -->
<testsuite hostname="DESKTOP-OB90OE0" ignored="2" name="Test" tests="1" failures="0" timestamp="09 Aug 2020 17:47:39 GMT" time="33.026" errors="0">
  <testcase name="Login_Into_TestEnvironment" time="32.934" classname="com.loekautomation.Login"/>
  <testcase name="@BeforeSuite before" time="0.0" classname="com.loekautomation.base">
    <ignored/>
  </testcase> <!-- @BeforeSuite before -->
  <testcase name="@AfterSuite extentReportClosure" time="0.0" classname="com.loekautomation.base">
    <ignored/>
  </testcase> <!-- @AfterSuite extentReportClosure -->
</testsuite> <!-- Test -->
