<?xml version="1.0" encoding="UTF-8"?>
<testng-results skipped="0" failed="0" ignored="0" total="6" passed="6">
  <reporter-output>
  </reporter-output>
  <suite name="Default suite" duration-ms="23616" started-at="2020-08-09T20:17:05Z" finished-at="2020-08-09T20:17:28Z">
    <groups>
    </groups>
    <test name="Default test" duration-ms="23616" started-at="2020-08-09T20:17:05Z" finished-at="2020-08-09T20:17:28Z">
      <class name="com.loekautomation.Login">
        <test-method status="PASS" signature="before()[pri:0, instance:com.loekautomation.Login@4e9ba398]" name="before" is-config="true" duration-ms="603" started-at="2020-08-09T20:17:04Z" finished-at="2020-08-09T20:17:05Z">
          <reporter-output>
          </reporter-output>
        </test-method> <!-- before -->
        <test-method status="PASS" signature="Login_Into_TestEnvironment()[pri:0, instance:com.loekautomation.Login@4e9ba398]" name="Login_Into_TestEnvironment" duration-ms="23487" started-at="2020-08-09T20:17:05Z" finished-at="2020-08-09T20:17:28Z">
          <reporter-output>
          </reporter-output>
        </test-method> <!-- Login_Into_TestEnvironment -->
        <test-method status="PASS" signature="error()[pri:0, instance:com.loekautomation.Login@4e9ba398]" name="error" duration-ms="12" started-at="2020-08-09T20:17:28Z" finished-at="2020-08-09T20:17:28Z">
          <reporter-output>
          </reporter-output>
        </test-method> <!-- error -->
        <test-method status="PASS" signature="fail()[pri:0, instance:com.loekautomation.Login@4e9ba398]" name="fail" duration-ms="4" started-at="2020-08-09T20:17:28Z" finished-at="2020-08-09T20:17:28Z">
          <reporter-output>
          </reporter-output>
        </test-method> <!-- fail -->
        <test-method status="PASS" signature="fatal()[pri:0, instance:com.loekautomation.Login@4e9ba398]" name="fatal" duration-ms="8" started-at="2020-08-09T20:17:28Z" finished-at="2020-08-09T20:17:28Z">
          <reporter-output>
          </reporter-output>
        </test-method> <!-- fatal -->
        <test-method status="PASS" signature="skip()[pri:0, instance:com.loekautomation.Login@4e9ba398]" name="skip" duration-ms="4" started-at="2020-08-09T20:17:28Z" finished-at="2020-08-09T20:17:28Z">
          <reporter-output>
          </reporter-output>
        </test-method> <!-- skip -->
        <test-method status="PASS" signature="warning()[pri:0, instance:com.loekautomation.Login@4e9ba398]" name="warning" duration-ms="4" started-at="2020-08-09T20:17:28Z" finished-at="2020-08-09T20:17:28Z">
          <reporter-output>
          </reporter-output>
        </test-method> <!-- warning -->
        <test-method status="PASS" signature="extentReportClosure()[pri:0, instance:com.loekautomation.Login@4e9ba398]" name="extentReportClosure" is-config="true" duration-ms="2573" started-at="2020-08-09T20:17:29Z" finished-at="2020-08-09T20:17:31Z">
          <reporter-output>
          </reporter-output>
        </test-method> <!-- extentReportClosure -->
      </class> <!-- com.loekautomation.Login -->
    </test> <!-- Default test -->
  </suite> <!-- Default suite -->
</testng-results>
